# JRE version: Java(TM) SE Runtime Environment (8.0_92-b14) (build 1.8.0_92-b14)
# Java VM: Java HotSpot(TM) 64-Bit Server VM (25.92-b14 mixed mode windows-amd64 compressed oops)
Heap:
 PSYoungGen      total 70144K, used 63191K [0x000000076af00000, 0x0000000775a00000, 0x00000007c0000000)
  eden space 63488K, 89% used [0x000000076af00000,0x000000076e687098,0x000000076ed00000)
  from space 6656K, 95% used [0x0000000775380000,0x00000007759aed10,0x0000000775a00000)
  to   space 39424K, 0% used [0x0000000770d00000,0x0000000770d00000,0x0000000773380000)
 ParOldGen       total 175104K, used 97295K [0x00000006c0c00000, 0x00000006cb700000, 0x000000076af00000)
  object space 175104K, 55% used [0x00000006c0c00000,0x00000006c6b03d90,0x00000006cb700000)
 Metaspace       used 10466K, capacity 10680K, committed 10880K, reserved 1058816K
  class space    used 1227K, capacity 1310K, committed 1408K, reserved 1048576K
GC Heap History (10 events):
Event: 3.080 GC heap before
{Heap before GC invocations=4 (full 0):
 PSYoungGen      total 76288K, used 76257K [0x000000076af00000, 0x0000000770400000, 0x00000007c0000000)
  eden space 65536K, 100% used [0x000000076af00000,0x000000076ef00000,0x000000076ef00000)
  from space 10752K, 99% used [0x000000076ef00000,0x000000076f9786f0,0x000000076f980000)
  to   space 10752K, 0% used [0x000000076f980000,0x000000076f980000,0x0000000770400000)
 ParOldGen       total 175104K, used 43677K [0x00000006c0c00000, 0x00000006cb700000, 0x000000076af00000)
  object space 175104K, 24% used [0x00000006c0c00000,0x00000006c36a7760,0x00000006cb700000)
 Metaspace       used 10318K, capacity 10548K, committed 10880K, reserved 1058816K
  class space    used 1226K, capacity 1310K, committed 1408K, reserved 1048576K
Event: 3.084 GC heap after
Heap after GC invocations=4 (full 0):
 PSYoungGen      total 76288K, used 10737K [0x000000076af00000, 0x0000000770400000, 0x00000007c0000000)
  eden space 65536K, 0% used [0x000000076af00000,0x000000076af00000,0x000000076ef00000)
  from space 10752K, 99% used [0x000000076f980000,0x00000007703fc6e0,0x0000000770400000)
  to   space 10752K, 0% used [0x000000076ef00000,0x000000076ef00000,0x000000076f980000)
 ParOldGen       total 175104K, used 58893K [0x00000006c0c00000, 0x00000006cb700000, 0x000000076af00000)
  object space 175104K, 33% used [0x00000006c0c00000,0x00000006c45836a0,0x00000006cb700000)
 Metaspace       used 10318K, capacity 10548K, committed 10880K, reserved 1058816K
  class space    used 1226K, capacity 1310K, committed 1408K, reserved 1048576K
}
Event: 3.477 GC heap before
{Heap before GC invocations=5 (full 0):
 PSYoungGen      total 76288K, used 76273K [0x000000076af00000, 0x0000000770400000, 0x00000007c0000000)
  eden space 65536K, 100% used [0x000000076af00000,0x000000076ef00000,0x000000076ef00000)
  from space 10752K, 99% used [0x000000076f980000,0x00000007703fc6e0,0x0000000770400000)
  to   space 10752K, 0% used [0x000000076ef00000,0x000000076ef00000,0x000000076f980000)
 ParOldGen       total 175104K, used 58893K [0x00000006c0c00000, 0x00000006cb700000, 0x000000076af00000)
  object space 175104K, 33% used [0x00000006c0c00000,0x00000006c45836a0,0x00000006cb700000)
 Metaspace       used 10341K, capacity 10548K, committed 10880K, reserved 1058816K
  class space    used 1226K, capacity 1310K, committed 1408K, reserved 1048576K
Event: 3.482 GC heap after
Heap after GC invocations=5 (full 0):
 PSYoungGen      total 74752K, used 10721K [0x000000076af00000, 0x0000000773580000, 0x00000007c0000000)
  eden space 64000K, 0% used [0x000000076af00000,0x000000076af00000,0x000000076ed80000)
  from space 10752K, 99% used [0x000000076ef00000,0x000000076f9786f0,0x000000076f980000)
  to   space 36864K, 0% used [0x0000000771180000,0x0000000771180000,0x0000000773580000)
 ParOldGen       total 175104K, used 75809K [0x00000006c0c00000, 0x00000006cb700000, 0x000000076af00000)
  object space 175104K, 43% used [0x00000006c0c00000,0x00000006c5608500,0x00000006cb700000)
 Metaspace       used 10341K, capacity 10548K, committed 10880K, reserved 1058816K
  class space    used 1226K, capacity 1310K, committed 1408K, reserved 1048576K
}
Event: 3.872 GC heap before
{Heap before GC invocations=6 (full 0):
 PSYoungGen      total 74752K, used 74721K [0x000000076af00000, 0x0000000773580000, 0x00000007c0000000)
  eden space 64000K, 100% used [0x000000076af00000,0x000000076ed80000,0x000000076ed80000)
  from space 10752K, 99% used [0x000000076ef00000,0x000000076f9786f0,0x000000076f980000)
  to   space 36864K, 0% used [0x0000000771180000,0x0000000771180000,0x0000000773580000)
 ParOldGen       total 175104K, used 75809K [0x00000006c0c00000, 0x00000006cb700000, 0x000000076af00000)
  object space 175104K, 43% used [0x00000006c0c00000,0x00000006c5608500,0x00000006cb700000)
 Metaspace       used 10379K, capacity 10616K, committed 10880K, reserved 1058816K
  class space    used 1226K, capacity 1310K, committed 1408K, reserved 1048576K
Event: 3.879 GC heap after
Heap after GC invocations=6 (full 0):
 PSYoungGen      total 101888K, used 24988K [0x000000076af00000, 0x0000000777200000, 0x00000007c0000000)
  eden space 65024K, 0% used [0x000000076af00000,0x000000076af00000,0x000000076ee80000)
  from space 36864K, 67% used [0x0000000771180000,0x00000007729e7290,0x0000000773580000)
  to   space 35840K, 0% used [0x000000076ee80000,0x000000076ee80000,0x0000000771180000)
 ParOldGen       total 175104K, used 75817K [0x00000006c0c00000, 0x00000006cb700000, 0x000000076af00000)
  object space 175104K, 43% used [0x00000006c0c00000,0x00000006c560a500,0x00000006cb700000)
 Metaspace       used 10379K, capacity 10616K, committed 10880K, reserved 1058816K
  class space    used 1226K, capacity 1310K, committed 1408K, reserved 1048576K
}
Event: 4.268 GC heap before
{Heap before GC invocations=7 (full 0):
 PSYoungGen      total 101888K, used 90012K [0x000000076af00000, 0x0000000777200000, 0x00000007c0000000)
  eden space 65024K, 100% used [0x000000076af00000,0x000000076ee80000,0x000000076ee80000)
  from space 36864K, 67% used [0x0000000771180000,0x00000007729e7290,0x0000000773580000)
  to   space 35840K, 0% used [0x000000076ee80000,0x000000076ee80000,0x0000000771180000)
 ParOldGen       total 175104K, used 75817K [0x00000006c0c00000, 0x00000006cb700000, 0x000000076af00000)
  object space 175104K, 43% used [0x00000006c0c00000,0x00000006c560a500,0x00000006cb700000)
 Metaspace       used 10421K, capacity 10680K, committed 10880K, reserved 1058816K
  class space    used 1227K, capacity 1310K, committed 1408K, reserved 1048576K
Event: 4.274 GC heap after
Heap after GC invocations=7 (full 0):
 PSYoungGen      total 100864K, used 3698K [0x000000076af00000, 0x0000000777900000, 0x00000007c0000000)
  eden space 65024K, 0% used [0x000000076af00000,0x000000076af00000,0x000000076ee80000)
  from space 35840K, 10% used [0x000000076ee80000,0x000000076f21ca50,0x0000000771180000)
  to   space 38400K, 0% used [0x0000000775380000,0x0000000775380000,0x0000000777900000)
 ParOldGen       total 175104K, used 97263K [0x00000006c0c00000, 0x00000006cb700000, 0x000000076af00000)
  object space 175104K, 55% used [0x00000006c0c00000,0x00000006c6afbd90,0x00000006cb700000)
 Metaspace       used 10421K, capacity 10680K, committed 10880K, reserved 1058816K
  class space    used 1227K, capacity 1310K, committed 1408K, reserved 1048576K
}
Event: 4.650 GC heap before
{Heap before GC invocations=8 (full 0):
 PSYoungGen      total 100864K, used 68722K [0x000000076af00000, 0x0000000777900000, 0x00000007c0000000)
  eden space 65024K, 100% used [0x000000076af00000,0x000000076ee80000,0x000000076ee80000)
  from space 35840K, 10% used [0x000000076ee80000,0x000000076f21ca50,0x0000000771180000)
  to   space 38400K, 0% used [0x0000000775380000,0x0000000775380000,0x0000000777900000)
 ParOldGen       total 175104K, used 97263K [0x00000006c0c00000, 0x00000006cb700000, 0x000000076af00000)
  object space 175104K, 55% used [0x00000006c0c00000,0x00000006c6afbd90,0x00000006cb700000)
 Metaspace       used 10438K, capacity 10680K, committed 10880K, reserved 1058816K
  class space    used 1227K, capacity 1310K, committed 1408K, reserved 1048576K
Event: 4.651 GC heap after
Heap after GC invocations=8 (full 0):
 PSYoungGen      total 70144K, used 6331K [0x000000076af00000, 0x0000000775a00000, 0x00000007c0000000)
  eden space 63488K, 0% used [0x000000076af00000,0x000000076af00000,0x000000076ed00000)
  from space 6656K, 95% used [0x0000000775380000,0x00000007759aed10,0x0000000775a00000)
  to   space 39424K, 0% used [0x0000000770d00000,0x0000000770d00000,0x0000000773380000)
 ParOldGen       total 175104K, used 97295K [0x00000006c0c00000, 0x00000006cb700000, 0x000000076af00000)
  object space 175104K, 55% used [0x00000006c0c00000,0x00000006c6b03d90,0x00000006cb700000)
 Metaspace       used 10438K, capacity 10680K, committed 10880K, reserved 1058816K
  class space    used 1227K, capacity 1310K, committed 1408K, reserved 1048576K
}

